# JRE version: OpenJDK Runtime Environment (8.0_242-b08) (build 1.8.0_242-8u242-b08-0ubuntu3~18.04-b08)
# Java VM: OpenJDK 64-Bit Server VM (25.242-b08 mixed mode linux-amd64 compressed oops)
Heap:
 PSYoungGen      total 36864K, used 34297K [0x00000000d7180000, 0x00000000db980000, 0x0000000100000000)
  eden space 31744K, 91% used [0x00000000d7180000,0x00000000d8e03930,0x00000000d9080000)
  from space 5120K, 99% used [0x00000000d9080000,0x00000000d957ab70,0x00000000d9580000)
  to   space 5120K, 0% used [0x00000000db480000,0x00000000db480000,0x00000000db980000)
 ParOldGen       total 84992K, used 504K [0x0000000085400000, 0x000000008a700000, 0x00000000d7180000)
  object space 84992K, 0% used [0x0000000085400000,0x000000008547e328,0x000000008a700000)
 Metaspace       used 15346K, capacity 15516K, committed 15744K, reserved 1062912K
  class space    used 1847K, capacity 1906K, committed 1920K, reserved 1048576K
GC Heap History (6 events):
Event: 0,351 GC heap before
{Heap before GC invocations=1 (full 0):
 PSYoungGen      total 36864K, used 31744K [0x00000000d7180000, 0x00000000d9a80000, 0x0000000100000000)
  eden space 31744K, 100% used [0x00000000d7180000,0x00000000d9080000,0x00000000d9080000)
  from space 5120K, 0% used [0x00000000d9580000,0x00000000d9580000,0x00000000d9a80000)
  to   space 5120K, 0% used [0x00000000d9080000,0x00000000d9080000,0x00000000d9580000)
 ParOldGen       total 84992K, used 0K [0x0000000085400000, 0x000000008a700000, 0x00000000d7180000)
  object space 84992K, 0% used [0x0000000085400000,0x0000000085400000,0x000000008a700000)
 Metaspace       used 7624K, capacity 7750K, committed 7936K, reserved 1056768K
  class space    used 904K, capacity 947K, committed 1024K, reserved 1048576K
Event: 0,354 GC heap after
Heap after GC invocations=1 (full 0):
 PSYoungGen      total 36864K, used 3922K [0x00000000d7180000, 0x00000000d9a80000, 0x0000000100000000)
  eden space 31744K, 0% used [0x00000000d7180000,0x00000000d7180000,0x00000000d9080000)
  from space 5120K, 76% used [0x00000000d9080000,0x00000000d94548d8,0x00000000d9580000)
  to   space 5120K, 0% used [0x00000000d9580000,0x00000000d9580000,0x00000000d9a80000)
 ParOldGen       total 84992K, used 8K [0x0000000085400000, 0x000000008a700000, 0x00000000d7180000)
  object space 84992K, 0% used [0x0000000085400000,0x0000000085402000,0x000000008a700000)
 Metaspace       used 7624K, capacity 7750K, committed 7936K, reserved 1056768K
  class space    used 904K, capacity 947K, committed 1024K, reserved 1048576K
}
Event: 0,554 GC heap before
{Heap before GC invocations=2 (full 0):
 PSYoungGen      total 36864K, used 35666K [0x00000000d7180000, 0x00000000d9a80000, 0x0000000100000000)
  eden space 31744K, 100% used [0x00000000d7180000,0x00000000d9080000,0x00000000d9080000)
  from space 5120K, 76% used [0x00000000d9080000,0x00000000d94548d8,0x00000000d9580000)
  to   space 5120K, 0% used [0x00000000d9580000,0x00000000d9580000,0x00000000d9a80000)
 ParOldGen       total 84992K, used 8K [0x0000000085400000, 0x000000008a700000, 0x00000000d7180000)
  object space 84992K, 0% used [0x0000000085400000,0x0000000085402000,0x000000008a700000)
 Metaspace       used 11060K, capacity 11160K, committed 11392K, reserved 1058816K
  class space    used 1361K, capacity 1398K, committed 1408K, reserved 1048576K
Event: 0,557 GC heap after
Heap after GC invocations=2 (full 0):
 PSYoungGen      total 36864K, used 4786K [0x00000000d7180000, 0x00000000db980000, 0x0000000100000000)
  eden space 31744K, 0% used [0x00000000d7180000,0x00000000d7180000,0x00000000d9080000)
  from space 5120K, 93% used [0x00000000d9580000,0x00000000d9a2c9a0,0x00000000d9a80000)
  to   space 5120K, 0% used [0x00000000d9080000,0x00000000d9080000,0x00000000d9580000)
 ParOldGen       total 84992K, used 16K [0x0000000085400000, 0x000000008a700000, 0x00000000d7180000)
  object space 84992K, 0% used [0x0000000085400000,0x0000000085404000,0x000000008a700000)
 Metaspace       used 11060K, capacity 11160K, committed 11392K, reserved 1058816K
  class space    used 1361K, capacity 1398K, committed 1408K, reserved 1048576K
}
Event: 0,746 GC heap before
{Heap before GC invocations=3 (full 0):
 PSYoungGen      total 36864K, used 36530K [0x00000000d7180000, 0x00000000db980000, 0x0000000100000000)
  eden space 31744K, 100% used [0x00000000d7180000,0x00000000d9080000,0x00000000d9080000)
  from space 5120K, 93% used [0x00000000d9580000,0x00000000d9a2c9a0,0x00000000d9a80000)
  to   space 5120K, 0% used [0x00000000d9080000,0x00000000d9080000,0x00000000d9580000)
 ParOldGen       total 84992K, used 16K [0x0000000085400000, 0x000000008a700000, 0x00000000d7180000)
  object space 84992K, 0% used [0x0000000085400000,0x0000000085404000,0x000000008a700000)
 Metaspace       used 14389K, capacity 14564K, committed 14976K, reserved 1062912K
  class space    used 1751K, capacity 1806K, committed 1920K, reserved 1048576K
Event: 0,749 GC heap after
Heap after GC invocations=3 (full 0):
 PSYoungGen      total 36864K, used 5098K [0x00000000d7180000, 0x00000000db980000, 0x0000000100000000)
  eden space 31744K, 0% used [0x00000000d7180000,0x00000000d7180000,0x00000000d9080000)
  from space 5120K, 99% used [0x00000000d9080000,0x00000000d957ab70,0x00000000d9580000)
  to   space 5120K, 0% used [0x00000000db480000,0x00000000db480000,0x00000000db980000)
 ParOldGen       total 84992K, used 504K [0x0000000085400000, 0x000000008a700000, 0x00000000d7180000)
  object space 84992K, 0% used [0x0000000085400000,0x000000008547e328,0x000000008a700000)
 Metaspace       used 14389K, capacity 14564K, committed 14976K, reserved 1062912K
  class space    used 1751K, capacity 1806K, committed 1920K, reserved 1048576K
}

