# JRE version: OpenJDK Runtime Environment (8.0_242-b08) (build 1.8.0_242-8u242-b08-0ubuntu3~18.04-b08)
# Java VM: OpenJDK 64-Bit Server VM (25.242-b08 mixed mode linux-amd64 compressed oops)
Heap:
 PSYoungGen      total 68608K, used 17161K [0x00000000d7180000, 0x00000000e0080000, 0x0000000100000000)
  eden space 63488K, 27% used [0x00000000d7180000,0x00000000d8242520,0x00000000daf80000)
  from space 5120K, 0% used [0x00000000daf80000,0x00000000daf80000,0x00000000db480000)
  to   space 9728K, 0% used [0x00000000df700000,0x00000000df700000,0x00000000e0080000)
 ParOldGen       total 57344K, used 9085K [0x0000000085400000, 0x0000000088c00000, 0x00000000d7180000)
  object space 57344K, 15% used [0x0000000085400000,0x0000000085cdf4c8,0x0000000088c00000)
 Metaspace       used 21616K, capacity 22646K, committed 22912K, reserved 1069056K
  class space    used 2895K, capacity 3111K, committed 3200K, reserved 1048576K
GC Heap History (10 events):
Event: 1,502 GC heap before
{Heap before GC invocations=2 (full 0):
 PSYoungGen      total 36864K, used 36505K [0x00000000d7180000, 0x00000000d9a80000, 0x0000000100000000)
  eden space 31744K, 100% used [0x00000000d7180000,0x00000000d9080000,0x00000000d9080000)
  from space 5120K, 93% used [0x00000000d9080000,0x00000000d9526748,0x00000000d9580000)
  to   space 5120K, 0% used [0x00000000d9580000,0x00000000d9580000,0x00000000d9a80000)
 ParOldGen       total 84992K, used 16K [0x0000000085400000, 0x000000008a700000, 0x00000000d7180000)
  object space 84992K, 0% used [0x0000000085400000,0x0000000085404000,0x000000008a700000)
 Metaspace       used 13174K, capacity 13600K, committed 13952K, reserved 1060864K
  class space    used 1667K, capacity 1796K, committed 1920K, reserved 1048576K
Event: 1,506 GC heap after
Heap after GC invocations=2 (full 0):
 PSYoungGen      total 36864K, used 5114K [0x00000000d7180000, 0x00000000d9a80000, 0x0000000100000000)
  eden space 31744K, 0% used [0x00000000d7180000,0x00000000d7180000,0x00000000d9080000)
  from space 5120K, 99% used [0x00000000d9580000,0x00000000d9a7eb00,0x00000000d9a80000)
  to   space 5120K, 0% used [0x00000000d9080000,0x00000000d9080000,0x00000000d9580000)
 ParOldGen       total 84992K, used 858K [0x0000000085400000, 0x000000008a700000, 0x00000000d7180000)
  object space 84992K, 1% used [0x0000000085400000,0x00000000854d69e8,0x000000008a700000)
 Metaspace       used 13174K, capacity 13600K, committed 13952K, reserved 1060864K
  class space    used 1667K, capacity 1796K, committed 1920K, reserved 1048576K
}
Event: 1,682 GC heap before
{Heap before GC invocations=3 (full 0):
 PSYoungGen      total 36864K, used 36858K [0x00000000d7180000, 0x00000000d9a80000, 0x0000000100000000)
  eden space 31744K, 100% used [0x00000000d7180000,0x00000000d9080000,0x00000000d9080000)
  from space 5120K, 99% used [0x00000000d9580000,0x00000000d9a7eb00,0x00000000d9a80000)
  to   space 5120K, 0% used [0x00000000d9080000,0x00000000d9080000,0x00000000d9580000)
 ParOldGen       total 84992K, used 858K [0x0000000085400000, 0x000000008a700000, 0x00000000d7180000)
  object space 84992K, 1% used [0x0000000085400000,0x00000000854d69e8,0x000000008a700000)
 Metaspace       used 15688K, capacity 16252K, committed 16256K, reserved 1062912K
  class space    used 2014K, capacity 2172K, committed 2176K, reserved 1048576K
Event: 1,686 GC heap after
Heap after GC invocations=3 (full 0):
 PSYoungGen      total 36864K, used 5090K [0x00000000d7180000, 0x00000000db980000, 0x0000000100000000)
  eden space 31744K, 0% used [0x00000000d7180000,0x00000000d7180000,0x00000000d9080000)
  from space 5120K, 99% used [0x00000000d9080000,0x00000000d9578a70,0x00000000d9580000)
  to   space 5120K, 0% used [0x00000000db480000,0x00000000db480000,0x00000000db980000)
 ParOldGen       total 84992K, used 2784K [0x0000000085400000, 0x000000008a700000, 0x00000000d7180000)
  object space 84992K, 3% used [0x0000000085400000,0x00000000856b8070,0x000000008a700000)
 Metaspace       used 15688K, capacity 16252K, committed 16256K, reserved 1062912K
  class space    used 2014K, capacity 2172K, committed 2176K, reserved 1048576K
}
Event: 1,894 GC heap before
{Heap before GC invocations=4 (full 0):
 PSYoungGen      total 36864K, used 36834K [0x00000000d7180000, 0x00000000db980000, 0x0000000100000000)
  eden space 31744K, 100% used [0x00000000d7180000,0x00000000d9080000,0x00000000d9080000)
  from space 5120K, 99% used [0x00000000d9080000,0x00000000d9578a70,0x00000000d9580000)
  to   space 5120K, 0% used [0x00000000db480000,0x00000000db480000,0x00000000db980000)
 ParOldGen       total 84992K, used 2784K [0x0000000085400000, 0x000000008a700000, 0x00000000d7180000)
  object space 84992K, 3% used [0x0000000085400000,0x00000000856b8070,0x000000008a700000)
 Metaspace       used 17888K, capacity 18672K, committed 18688K, reserved 1064960K
  class space    used 2342K, capacity 2546K, committed 2560K, reserved 1048576K
Event: 1,899 GC heap after
Heap after GC invocations=4 (full 0):
 PSYoungGen      total 68608K, used 5088K [0x00000000d7180000, 0x00000000db980000, 0x0000000100000000)
  eden space 63488K, 0% used [0x00000000d7180000,0x00000000d7180000,0x00000000daf80000)
  from space 5120K, 99% used [0x00000000db480000,0x00000000db978040,0x00000000db980000)
  to   space 5120K, 0% used [0x00000000daf80000,0x00000000daf80000,0x00000000db480000)
 ParOldGen       total 84992K, used 6212K [0x0000000085400000, 0x000000008a700000, 0x00000000d7180000)
  object space 84992K, 7% used [0x0000000085400000,0x0000000085a11390,0x000000008a700000)
 Metaspace       used 17888K, capacity 18672K, committed 18688K, reserved 1064960K
  class space    used 2342K, capacity 2546K, committed 2560K, reserved 1048576K
}
Event: 2,104 GC heap before
{Heap before GC invocations=5 (full 0):
 PSYoungGen      total 68608K, used 26955K [0x00000000d7180000, 0x00000000db980000, 0x0000000100000000)
  eden space 63488K, 34% used [0x00000000d7180000,0x00000000d86dabf0,0x00000000daf80000)
  from space 5120K, 99% used [0x00000000db480000,0x00000000db978040,0x00000000db980000)
  to   space 5120K, 0% used [0x00000000daf80000,0x00000000daf80000,0x00000000db480000)
 ParOldGen       total 84992K, used 6212K [0x0000000085400000, 0x000000008a700000, 0x00000000d7180000)
  object space 84992K, 7% used [0x0000000085400000,0x0000000085a11390,0x000000008a700000)
 Metaspace       used 20259K, capacity 21198K, committed 21296K, reserved 1067008K
  class space    used 2683K, capacity 2895K, committed 2944K, reserved 1048576K
Event: 2,107 GC heap after
Heap after GC invocations=5 (full 0):
 PSYoungGen      total 68608K, used 5090K [0x00000000d7180000, 0x00000000e0080000, 0x0000000100000000)
  eden space 63488K, 0% used [0x00000000d7180000,0x00000000d7180000,0x00000000daf80000)
  from space 5120K, 99% used [0x00000000daf80000,0x00000000db4788c0,0x00000000db480000)
  to   space 9728K, 0% used [0x00000000df700000,0x00000000df700000,0x00000000e0080000)
 ParOldGen       total 84992K, used 8399K [0x0000000085400000, 0x000000008a700000, 0x00000000d7180000)
  object space 84992K, 9% used [0x0000000085400000,0x0000000085c33c68,0x000000008a700000)
 Metaspace       used 20259K, capacity 21198K, committed 21296K, reserved 1067008K
  class space    used 2683K, capacity 2895K, committed 2944K, reserved 1048576K
}
Event: 2,107 GC heap before
{Heap before GC invocations=6 (full 1):
 PSYoungGen      total 68608K, used 5090K [0x00000000d7180000, 0x00000000e0080000, 0x0000000100000000)
  eden space 63488K, 0% used [0x00000000d7180000,0x00000000d7180000,0x00000000daf80000)
  from space 5120K, 99% used [0x00000000daf80000,0x00000000db4788c0,0x00000000db480000)
  to   space 9728K, 0% used [0x00000000df700000,0x00000000df700000,0x00000000e0080000)
 ParOldGen       total 84992K, used 8399K [0x0000000085400000, 0x000000008a700000, 0x00000000d7180000)
  object space 84992K, 9% used [0x0000000085400000,0x0000000085c33c68,0x000000008a700000)
 Metaspace       used 20259K, capacity 21198K, committed 21296K, reserved 1067008K
  class space    used 2683K, capacity 2895K, committed 2944K, reserved 1048576K
Event: 2,127 GC heap after
Heap after GC invocations=6 (full 1):
 PSYoungGen      total 68608K, used 0K [0x00000000d7180000, 0x00000000e0080000, 0x0000000100000000)
  eden space 63488K, 0% used [0x00000000d7180000,0x00000000d7180000,0x00000000daf80000)
  from space 5120K, 0% used [0x00000000daf80000,0x00000000daf80000,0x00000000db480000)
  to   space 9728K, 0% used [0x00000000df700000,0x00000000df700000,0x00000000e0080000)
 ParOldGen       total 57344K, used 9085K [0x0000000085400000, 0x0000000088c00000, 0x00000000d7180000)
  object space 57344K, 15% used [0x0000000085400000,0x0000000085cdf4c8,0x0000000088c00000)
 Metaspace       used 20257K, capacity 21192K, committed 21296K, reserved 1067008K
  class space    used 2682K, capacity 2894K, committed 2944K, reserved 1048576K
}

